.FFFF...FFFF....FF.
======================================================================
FAIL: test_treegen_in_tests_child_PID_not_found (__main__.TestTreeGeneration)
----------------------------------------------------------------------
Traceback (most recent call last):
  File "/home/furkan/csc209-w19/grading/mark_a2/marking_scripts/test_helpers.py", line 193, in _t
    self.assertEqual(returncode, expected_status)
AssertionError: 2 != 1

======================================================================
FAIL: test_treegen_in_tests_child_PID_not_found_build_continues (__main__.TestTreeGeneration)
----------------------------------------------------------------------
Traceback (most recent call last):
  File "/home/furkan/csc209-w19/grading/mark_a2/marking_scripts/test_helpers.py", line 190, in _t
    self.assertEqual(stdout, expected_stdout)
AssertionError: '0' != '1'
- 0
+ 1


======================================================================
FAIL: test_treegen_in_tests_child_exe_not_found (__main__.TestTreeGeneration)
----------------------------------------------------------------------
Traceback (most recent call last):
  File "/home/furkan/csc209-w19/grading/mark_a2/marking_scripts/test_helpers.py", line 193, in _t
    self.assertEqual(returncode, expected_status)
AssertionError: 2 != 1

======================================================================
FAIL: test_treegen_in_tests_child_exe_not_found_build_continues (__main__.TestTreeGeneration)
----------------------------------------------------------------------
Traceback (most recent call last):
  File "/home/furkan/csc209-w19/grading/mark_a2/marking_scripts/test_helpers.py", line 190, in _t
    self.assertEqual(stdout, expected_stdout)
AssertionError: '0' != '1'
- 0
+ 1


======================================================================
FAIL: test_treegen_in_tests_cmdline_not_exist (__main__.TestTreeGeneration)
----------------------------------------------------------------------
Traceback (most recent call last):
  File "/home/furkan/csc209-w19/grading/mark_a2/marking_scripts/test_helpers.py", line 190, in _t
    self.assertEqual(stdout, expected_stdout)
AssertionError: '0' != '1'
- 0
+ 1


======================================================================
FAIL: test_treegen_in_tests_cmdline_path (__main__.TestTreeGeneration)
----------------------------------------------------------------------
Traceback (most recent call last):
  File "/home/furkan/csc209-w19/grading/mark_a2/marking_scripts/test_helpers.py", line 190, in _t
    self.assertEqual(stdout, expected_stdout)
AssertionError: '0' != '1'
- 0
+ 1


======================================================================
FAIL: test_treegen_in_tests_malloc_fails (__main__.TestTreeGeneration)
----------------------------------------------------------------------
Traceback (most recent call last):
  File "/home/furkan/csc209-w19/grading/mark_a2/marking_scripts/test_helpers.py", line 190, in _t
    self.assertEqual(stdout, expected_stdout)
AssertionError: '' != '1'
+ 1

======================================================================
FAIL: test_treegen_in_tests_multiple_children_multiple_grandchildren (__main__.TestTreeGeneration)
----------------------------------------------------------------------
Traceback (most recent call last):
  File "/home/furkan/csc209-w19/grading/mark_a2/marking_scripts/test_helpers.py", line 190, in _t
    self.assertEqual(stdout, expected_stdout)
AssertionError: '0' != '1'
- 0
+ 1


======================================================================
FAIL: test_treegen_in_tests_pid_exe_not_found (__main__.TestTreeGeneration)
----------------------------------------------------------------------
Traceback (most recent call last):
  File "/home/furkan/csc209-w19/grading/mark_a2/marking_scripts/test_helpers.py", line 190, in _t
    self.assertEqual(stdout, expected_stdout)
AssertionError: '0' != '1'
- 0
+ 1


======================================================================
FAIL: test_treegen_in_tests_pid_not_found (__main__.TestTreeGeneration)
----------------------------------------------------------------------
Traceback (most recent call last):
  File "/home/furkan/csc209-w19/grading/mark_a2/marking_scripts/test_helpers.py", line 190, in _t
    self.assertEqual(stdout, expected_stdout)
AssertionError: '0' != '1'
- 0
+ 1


----------------------------------------------------------------------
Ran 19 tests in 0.101s

FAILED (failures=10)
